<?xml version="1.0" encoding="UTF-8"?>
<!-- Generated by org.testng.reporters.JUnitXMLReporter -->
<testsuite ignored="0" hostname="PREESH000" failures="0" tests="6" name="Default test" time="196.757" errors="0" timestamp="2024-07-17T07:37:02 GMT-07:00">
  <testcase classname="testPKG.HerbsTest" name="SignInToYourAccount" time="31.753"/>
  <testcase classname="testPKG.HerbsTest" name="logintest" time="7.702"/>
  <testcase classname="testPKG.HerbsTest" name="addcart" time="9.362"/>
  <testcase classname="testPKG.HerbsTest" name="searchbar" time="14.365"/>
  <testcase classname="testPKG.HerbsTest" name="scrnshottest" time="2.52"/>
  <testcase classname="testPKG.HerbsTest" name="togetalllinks" time="40.014"/>
</testsuite> <!-- Default test -->
