<?xml version="1.0" encoding="UTF-8"?>
<testng-results ignored="0" total="6" passed="6" failed="0" skipped="0">
  <reporter-output>
  </reporter-output>
  <suite started-at="2024-07-17T07:33:45 GMT-07:00" name="Default suite" finished-at="2024-07-17T07:37:02 GMT-07:00" duration-ms="196757">
    <groups>
    </groups>
    <test started-at="2024-07-17T07:33:45 GMT-07:00" name="Default test" finished-at="2024-07-17T07:37:02 GMT-07:00" duration-ms="196757">
      <class name="testPKG.HerbsTest">
        <test-method is-config="true" signature="setup()[pri:0, instance:testPKG.HerbsTest@3e58a80e]" started-at="2024-07-17T07:33:45 GMT-07:00" name="setup" finished-at="2024-07-17T07:33:54 GMT-07:00" duration-ms="8589" status="PASS">
          <reporter-output>
          </reporter-output>
        </test-method> <!-- setup -->
        <test-method is-config="true" signature="get()[pri:0, instance:testPKG.HerbsTest@3e58a80e]" started-at="2024-07-17T07:33:54 GMT-07:00" name="get" finished-at="2024-07-17T07:34:03 GMT-07:00" duration-ms="9154" status="PASS">
          <reporter-output>
          </reporter-output>
        </test-method> <!-- get -->
        <test-method signature="SignInToYourAccount()[pri:1, instance:testPKG.HerbsTest@3e58a80e]" started-at="2024-07-17T07:34:03 GMT-07:00" name="SignInToYourAccount" finished-at="2024-07-17T07:34:35 GMT-07:00" duration-ms="31753" status="PASS">
          <reporter-output>
          </reporter-output>
        </test-method> <!-- SignInToYourAccount -->
        <test-method is-config="true" signature="get()[pri:0, instance:testPKG.HerbsTest@3e58a80e]" started-at="2024-07-17T07:34:35 GMT-07:00" name="get" finished-at="2024-07-17T07:34:43 GMT-07:00" duration-ms="8233" status="PASS">
          <reporter-output>
          </reporter-output>
        </test-method> <!-- get -->
        <test-method signature="logintest()[pri:2, instance:testPKG.HerbsTest@3e58a80e]" started-at="2024-07-17T07:34:43 GMT-07:00" name="logintest" finished-at="2024-07-17T07:34:51 GMT-07:00" duration-ms="7702" status="PASS">
          <reporter-output>
          </reporter-output>
        </test-method> <!-- logintest -->
        <test-method is-config="true" signature="get()[pri:0, instance:testPKG.HerbsTest@3e58a80e]" started-at="2024-07-17T07:34:51 GMT-07:00" name="get" finished-at="2024-07-17T07:34:58 GMT-07:00" duration-ms="6949" status="PASS">
          <reporter-output>
          </reporter-output>
        </test-method> <!-- get -->
        <test-method signature="addcart()[pri:3, instance:testPKG.HerbsTest@3e58a80e]" started-at="2024-07-17T07:34:58 GMT-07:00" name="addcart" finished-at="2024-07-17T07:35:07 GMT-07:00" duration-ms="9362" status="PASS">
          <reporter-output>
          </reporter-output>
        </test-method> <!-- addcart -->
        <test-method is-config="true" signature="get()[pri:0, instance:testPKG.HerbsTest@3e58a80e]" started-at="2024-07-17T07:35:07 GMT-07:00" name="get" finished-at="2024-07-17T07:35:54 GMT-07:00" duration-ms="47326" status="PASS">
          <reporter-output>
          </reporter-output>
        </test-method> <!-- get -->
        <test-method signature="searchbar()[pri:4, instance:testPKG.HerbsTest@3e58a80e]" started-at="2024-07-17T07:35:54 GMT-07:00" name="searchbar" finished-at="2024-07-17T07:36:09 GMT-07:00" duration-ms="14365" status="PASS">
          <reporter-output>
          </reporter-output>
        </test-method> <!-- searchbar -->
        <test-method is-config="true" signature="get()[pri:0, instance:testPKG.HerbsTest@3e58a80e]" started-at="2024-07-17T07:36:09 GMT-07:00" name="get" finished-at="2024-07-17T07:36:15 GMT-07:00" duration-ms="6186" status="PASS">
          <reporter-output>
          </reporter-output>
        </test-method> <!-- get -->
        <test-method signature="scrnshottest()[pri:5, instance:testPKG.HerbsTest@3e58a80e]" started-at="2024-07-17T07:36:15 GMT-07:00" name="scrnshottest" finished-at="2024-07-17T07:36:17 GMT-07:00" duration-ms="2520" status="PASS">
          <reporter-output>
          </reporter-output>
        </test-method> <!-- scrnshottest -->
        <test-method is-config="true" signature="get()[pri:0, instance:testPKG.HerbsTest@3e58a80e]" started-at="2024-07-17T07:36:17 GMT-07:00" name="get" finished-at="2024-07-17T07:36:22 GMT-07:00" duration-ms="4480" status="PASS">
          <reporter-output>
          </reporter-output>
        </test-method> <!-- get -->
        <test-method signature="togetalllinks()[pri:6, instance:testPKG.HerbsTest@3e58a80e]" started-at="2024-07-17T07:36:22 GMT-07:00" name="togetalllinks" finished-at="2024-07-17T07:37:02 GMT-07:00" duration-ms="40014" status="PASS">
          <reporter-output>
          </reporter-output>
        </test-method> <!-- togetalllinks -->
      </class> <!-- testPKG.HerbsTest -->
    </test> <!-- Default test -->
  </suite> <!-- Default suite -->
</testng-results>
